Starting PICCA CF job
Date: Sun 02 Nov 2025 10:00:57 AM PST
Run directory: /pscratch/sd/o/otilia/picca_runs/cf_full_44749729
Output file: /pscratch/sd/o/otilia/picca_runs/cf_full_44749729/cf_all.fits
ATTENTION: Analysis is not blinded!
Om=0.315, Or=0.0, wl=-1.0
ATTENTION: Analysis is not blinded!
Om=0.315, Or=0.0, wl=-1.0
ATTENTION: Analysis is not blinded!
Om=0.315, Or=0.0, wl=-1.0
ATTENTION: Analysis is not blinded!
Om=0.315, Or=0.0, wl=-1.0
ATTENTION: Analysis is not blinded!
Om=0.315, Or=0.0, wl=-1.0
ATTENTION: Analysis is not blinded!
Om=0.315, Or=0.0, wl=-1.0
ATTENTION: Analysis is not blinded!
Om=0.315, Or=0.0, wl=-1.0
ATTENTION: Analysis is not blinded!
Om=0.315, Or=0.0, wl=-1.0
ATTENTION: Analysis is not blinded!
Om=0.315, Or=0.0, wl=-1.0
ATTENTION: Analysis is not blinded!
Om=0.315, Or=0.0, wl=-1.0
ATTENTION: Analysis is not blinded!
Om=0.315, Or=0.0, wl=-1.0
ATTENTION: Analysis is not blinded!
Om=0.315, Or=0.0, wl=-1.0
ATTENTION: Analysis is not blinded!
Om=0.315, Or=0.0, wl=-1.0
ATTENTION: Analysis is not blinded!
Om=0.315, Or=0.0, wl=-1.0
ATTENTION: Analysis is not blinded!
Om=0.315, Or=0.0, wl=-1.0
ATTENTION: Analysis is not blinded!
Om=0.315, Or=0.0, wl=-1.0
ATTENTION: Analysis is not blinded!
Om=0.315, Or=0.0, wl=-1.0
ATTENTION: Analysis is not blinded!
Om=0.315, Or=0.0, wl=-1.0
ATTENTION: Analysis is not blinded!
Om=0.315, Or=0.0, wl=-1.0
ATTENTION: Analysis is not blinded!
Om=0.315, Or=0.0, wl=-1.0
ATTENTION: Analysis is not blinded!
Om=0.315, Or=0.0, wl=-1.0
ATTENTION: Analysis is not blinded!
Om=0.315, Or=0.0, wl=-1.0
ATTENTION: Analysis is not blinded!
Om=0.315, Or=0.0, wl=-1.0
ATTENTION: Analysis is not blinded!
Om=0.315, Or=0.0, wl=-1.0
z_min_sources 0.0
z_min_sources 0.0
z_min_sources 0.0
ATTENTION: Analysis is not blinded!
Om=0.315, Or=0.0, wl=-1.0
ATTENTION: Analysis is not blinded!
Om=0.315, Or=0.0, wl=-1.0
ATTENTION: Analysis is not blinded!
Om=0.315, Or=0.0, wl=-1.0
ATTENTION: Analysis is not blinded!
Om=0.315, Or=0.0, wl=-1.0
ATTENTION: Analysis is not blinded!
Om=0.315, Or=0.0, wl=-1.0
z_min_sources 0.0
z_min_sources 0.0
z_min_sources 0.0
ATTENTION: Analysis is not blinded!
Om=0.315, Or=0.0, wl=-1.0
ATTENTION: Analysis is not blinded!
Om=0.315, Or=0.0, wl=-1.0
ATTENTION: Analysis is not blinded!
Om=0.315, Or=0.0, wl=-1.0
z_min_sources 0.0
z_min_sources 0.0
z_min_sources 0.0
z_min_sources 0.0
z_min_sources 0.0
z_min_sources 0.0
z_min_sources 0.0
z_min_sources 0.0
z_min_sources 0.0
z_min_sources 0.0
z_min_sources 0.0
z_min_sources 0.0
z_min_sources 0.0
z_min_sources 0.0
z_min_sources 0.0
z_min_sources 0.0
z_min_sources 0.0
z_min_sources 0.0
z_min_sources 0.0
z_min_sources 0.0
z_min_sources 0.0
z_min_sources 0.0
z_min_sources 0.0
z_min_sources 0.0
z_min_sources 0.0
z_min_sources 0.0
