Starting PICCA CF job
Date: Sun 02 Nov 2025 01:54:26 PM PST
Run directory: /pscratch/sd/o/otilia/picca_runs/cf_full_44756159
Output file: /pscratch/sd/o/otilia/picca_runs/cf_full_44756159/cf_all.fits
ATTENTION: Analysis is not blinded!
Om=0.315, Or=0.0, wl=-1.0
ATTENTION: Analysis is not blinded!
Om=0.315, Or=0.0, wl=-1.0
ATTENTION: Analysis is not blinded!
Om=0.315, Or=0.0, wl=-1.0
ATTENTION: Analysis is not blinded!
Om=0.315, Or=0.0, wl=-1.0
z_min_sources 0.0
z_min_sources 0.0
z_min_sources 0.0
z_min_sources 0.0









done, npix = 1248
picca_cf.py - Time reading data: 9.569 minutes

done, npix = 1248
picca_cf.py - Time reading data: 9.632 minutes

done, npix = 1248
picca_cf.py - Time reading data: 9.725 minutes

done, npix = 1248
picca_cf.py - Time reading data: 9.770 minutes
computing xi: 0.0%
computing xi: 0.0%
computing xi: 0.0%
computing xi: 0.0%
computing xi: 0.09%
computing xi: 0.09%
computing xi: 0.09%
computing xi: 0.09%
computing xi: 0.19%
computing xi: 0.19%
computing xi: 0.19%
computing xi: 0.19%
computing xi: 0.28%
computing xi: 0.28%
computing xi: 0.28%
computing xi: 0.28%
computing xi: 0.37%
computing xi: 0.37%
computing xi: 0.37%
computing xi: 0.37%
computing xi: 0.47%
computing xi: 0.47%
computing xi: 0.47%
computing xi: 0.47%
computing xi: 0.56%
computing xi: 0.56%
computing xi: 0.56%
computing xi: 0.56%
computing xi: 0.65%
computing xi: 0.65%
computing xi: 0.65%
computing xi: 0.65%
computing xi: 0.74%
computing xi: 0.74%
computing xi: 0.74%
computing xi: 0.74%
computing xi: 0.84%
computing xi: 0.84%
computing xi: 0.84%
computing xi: 0.84%
computing xi: 0.93%
computing xi: 0.93%
computing xi: 0.93%
computing xi: 0.93%
computing xi: 1.02%
computing xi: 1.02%
computing xi: 1.02%
computing xi: 1.02%
computing xi: 1.12%
computing xi: 1.12%
computing xi: 1.12%
computing xi: 1.12%
computing xi: 1.21%
computing xi: 1.21%
computing xi: 1.21%
computing xi: 1.21%
computing xi: 1.3%
computing xi: 1.3%
computing xi: 1.3%
computing xi: 1.3%
computing xi: 1.4%
computing xi: 1.4%
computing xi: 1.4%
computing xi: 1.4%
computing xi: 1.49%
computing xi: 1.49%
computing xi: 1.49%
computing xi: 1.49%
computing xi: 1.58%
computing xi: 1.58%
computing xi: 1.58%
computing xi: 1.58%
computing xi: 1.67%
computing xi: 1.67%
computing xi: 1.67%
computing xi: 1.67%
computing xi: 1.77%
computing xi: 1.77%
computing xi: 1.77%
computing xi: 1.77%
computing xi: 1.86%
computing xi: 1.86%
computing xi: 1.86%
computing xi: 1.86%
computing xi: 1.95%
computing xi: 1.95%
computing xi: 1.95%
computing xi: 1.95%
computing xi: 2.05%
computing xi: 2.05%
computing xi: 2.05%
computing xi: 2.05%
computing xi: 2.14%
computing xi: 2.14%
computing xi: 2.14%
computing xi: 2.14%
computing xi: 2.23%
computing xi: 2.23%
computing xi: 2.23%
computing xi: 2.23%
computing xi: 2.33%
computing xi: 2.33%
computing xi: 2.33%
computing xi: 2.33%
computing xi: 2.42%
computing xi: 2.42%
computing xi: 2.42%
computing xi: 2.42%
computing xi: 2.51%
computing xi: 2.51%
computing xi: 2.51%
computing xi: 2.51%
computing xi: 2.61%
computing xi: 2.61%
computing xi: 2.61%
computing xi: 2.61%
computing xi: 2.7%
computing xi: 2.7%
computing xi: 2.7%
computing xi: 2.7%
computing xi: 2.79%
computing xi: 2.79%
computing xi: 2.79%
computing xi: 2.79%
computing xi: 2.88%
computing xi: 2.88%
computing xi: 2.88%
computing xi: 2.88%
computing xi: 2.98%
computing xi: 2.98%
computing xi: 2.98%
computing xi: 2.98%
computing xi: 3.07%
computing xi: 3.07%
computing xi: 3.07%
computing xi: 3.07%
computing xi: 3.16%
computing xi: 3.16%
computing xi: 3.16%
computing xi: 3.16%
computing xi: 3.26%
computing xi: 3.26%
computing xi: 3.26%
computing xi: 3.26%
computing xi: 3.35%
computing xi: 3.35%
computing xi: 3.35%
computing xi: 3.35%
computing xi: 3.44%
computing xi: 3.44%
computing xi: 3.44%
computing xi: 3.44%
computing xi: 3.54%
computing xi: 3.54%
computing xi: 3.54%
computing xi: 3.54%
computing xi: 3.63%
computing xi: 3.63%
computing xi: 3.63%
computing xi: 3.63%
computing xi: 3.72%
computing xi: 3.72%
computing xi: 3.72%
computing xi: 3.72%
computing xi: 3.81%
computing xi: 3.81%
computing xi: 3.81%
computing xi: 3.81%
computing xi: 3.91%
computing xi: 3.91%
computing xi: 3.91%
computing xi: 3.91%
computing xi: 4.0%
computing xi: 4.0%
computing xi: 4.0%
computing xi: 4.0%
computing xi: 4.09%
computing xi: 4.09%
computing xi: 4.09%
computing xi: 4.09%
computing xi: 4.19%
computing xi: 4.19%
computing xi: 4.19%
computing xi: 4.19%
computing xi: 4.28%
computing xi: 4.28%
computing xi: 4.28%
computing xi: 4.28%
computing xi: 4.37%
computing xi: 4.37%
computing xi: 4.37%
computing xi: 4.37%
computing xi: 4.47%
computing xi: 4.47%
computing xi: 4.47%
computing xi: 4.47%
computing xi: 4.56%
computing xi: 4.56%
computing xi: 4.56%
computing xi: 4.56%
computing xi: 4.65%
computing xi: 4.65%
computing xi: 4.65%
computing xi: 4.65%
computing xi: 4.74%
computing xi: 4.74%
computing xi: 4.74%
computing xi: 4.74%
computing xi: 4.84%
computing xi: 4.84%
computing xi: 4.84%
computing xi: 4.84%
computing xi: 4.93%
computing xi: 4.93%
computing xi: 4.93%
computing xi: 4.93%
computing xi: 5.02%
computing xi: 5.02%
computing xi: 5.02%
computing xi: 5.02%
computing xi: 5.12%
computing xi: 5.12%
computing xi: 5.12%
computing xi: 5.12%
computing xi: 5.21%
computing xi: 5.21%
computing xi: 5.21%
computing xi: 5.21%
computing xi: 5.3%
computing xi: 5.3%
computing xi: 5.3%
computing xi: 5.3%
computing xi: 5.4%
computing xi: 5.4%
computing xi: 5.4%
computing xi: 5.4%
computing xi: 5.49%
computing xi: 5.49%
computing xi: 5.49%
computing xi: 5.49%
computing xi: 5.58%
computing xi: 5.58%
computing xi: 5.58%
computing xi: 5.58%
computing xi: 5.68%
computing xi: 5.68%
computing xi: 5.68%
computing xi: 5.68%
computing xi: 5.77%
computing xi: 5.77%
computing xi: 5.77%
computing xi: 5.77%
computing xi: 5.86%
computing xi: 5.86%
computing xi: 5.86%
computing xi: 5.86%
computing xi: 5.95%
computing xi: 5.95%
computing xi: 5.95%
computing xi: 5.95%
slurmstepd: error: *** STEP 44756159.0 ON nid005183 CANCELLED AT 2025-11-03T09:54:48 DUE TO TIME LIMIT ***
slurmstepd: error: *** JOB 44756159 ON nid005183 CANCELLED AT 2025-11-03T09:54:48 DUE TO TIME LIMIT ***
